\BOOKMARK [0][]{sysuchapter.1.0}{\376\377\000C\000o\000v\000e\000r}{}% 1
\BOOKMARK [0][]{sysuchapter.2.0}{\376\377\000T\000i\000t\000l\000e\000\040\000p\000a\000g\000e}{}% 2
\BOOKMARK [0][]{sysuchapter.3.0}{\376\377\147\054\171\321\165\037\133\146\147\057\213\332\117\341\130\360\146\016}{}% 3
\BOOKMARK [0][]{sysuchapter.4.0}{\376\377\060\020\144\130\211\201\060\021}{}% 4
\BOOKMARK [0][]{sysuchapter.5.0}{\376\377\000[\000A\000B\000S\000T\000R\000A\000C\000T\000]}{}% 5
\BOOKMARK [0][]{sysuchapter.6.0}{\376\377\166\356\000\040\137\125}{}% 6
\BOOKMARK [0][]{sysuchapter.7.0}{\376\377\143\322\126\376\166\356\137\125}{}% 7
\BOOKMARK [0][]{sysuchapter.8.0}{\376\377\226\104\210\150\166\356\137\125}{}% 8
\BOOKMARK [0][]{sysuchapter.9.0}{\376\377\173\046\123\367\213\364\146\016}{}% 9
\BOOKMARK [0][]{chapter.1}{\376\377\173\054\0001\172\340\000\040\176\352\213\272}{}% 10
\BOOKMARK [1][-]{section.1.1}{\376\377\0001\000.\0001\000\040\213\376\230\230\200\314\146\157\123\312\170\024\172\166\141\017\116\111}{chapter.1}% 11
\BOOKMARK [2][-]{subsection.1.1.1}{\376\377\0001\000.\0001\000.\0001\000\040\213\376\230\230\200\314\146\157}{section.1.1}% 12
\BOOKMARK [2][-]{subsection.1.1.2}{\376\377\0001\000.\0001\000.\0002\000\040\170\024\172\166\141\017\116\111}{section.1.1}% 13
\BOOKMARK [1][-]{section.1.2}{\376\377\0001\000.\0002\000\040\226\350\131\051\217\146\220\123\176\277\150\300\155\113\126\375\121\205\131\026\170\024\172\166\163\260\162\266}{chapter.1}% 14
\BOOKMARK [2][-]{subsection.1.2.1}{\376\377\0001\000.\0002\000.\0001\000\040\126\375\121\205\170\024\172\166\163\260\162\266}{section.1.2}% 15
\BOOKMARK [2][-]{subsection.1.2.2}{\376\377\0001\000.\0002\000.\0002\000\040\126\375\131\026\170\024\172\166\163\260\162\266}{section.1.2}% 16
\BOOKMARK [2][-]{subsection.1.2.3}{\376\377\0001\000.\0002\000.\0003\000\040\170\024\172\166\163\260\162\266\217\360\213\304}{section.1.2}% 17
\BOOKMARK [1][-]{section.1.3}{\376\377\0001\000.\0003\000\040\116\073\211\201\170\024\172\166\121\205\133\271\116\016\176\323\147\204\133\211\143\222}{chapter.1}% 18
\BOOKMARK [0][]{chapter.2}{\376\377\173\054\0002\172\340\000\040\166\370\121\163\164\006\213\272\116\016\142\200\147\057\127\372\170\100}{}% 19
\BOOKMARK [1][-]{section.2.1}{\376\377\0002\000.\0001\000\040\137\025\212\000}{chapter.2}% 20
\BOOKMARK [1][-]{section.2.2}{\376\377\0002\000.\0002\000\040\217\146\220\123\176\277\150\300\155\113\145\271\154\325\151\202\217\360}{chapter.2}% 21
\BOOKMARK [2][-]{subsection.2.2.1}{\376\377\0002\000.\0002\000.\0001\000\040\127\372\116\216\117\040\176\337\126\376\120\317\131\004\164\006\166\204\217\146\220\123\176\277\150\300\155\113\145\271\154\325}{section.2.2}% 22
\BOOKMARK [2][-]{subsection.2.2.2}{\376\377\0002\000.\0002\000.\0002\000\040\127\372\116\216\155\361\136\246\133\146\116\140\166\204\217\146\220\123\176\277\150\300\155\113\145\271\154\325}{section.2.2}% 23
\BOOKMARK [2][-]{subsection.2.2.3}{\376\377\0002\000.\0002\000.\0003\000\040\217\146\220\123\176\277\150\300\155\113\166\204\213\304\116\367\143\007\150\007}{section.2.2}% 24
\BOOKMARK [1][-]{section.2.3}{\376\377\0002\000.\0003\000\040\140\166\122\243\131\051\154\024\126\376\120\317\130\236\137\072\142\200\147\057}{chapter.2}% 25
\BOOKMARK [2][-]{subsection.2.3.1}{\376\377\0002\000.\0003\000.\0001\000\040\127\372\116\216\162\151\164\006\152\041\127\213\166\204\123\273\226\350\145\271\154\325}{section.2.3}% 26
\BOOKMARK [2][-]{subsection.2.3.2}{\376\377\0002\000.\0003\000.\0002\000\040\127\372\116\216\155\361\136\246\133\146\116\140\166\204\123\273\226\350\145\271\154\325}{section.2.3}% 27
\BOOKMARK [2][-]{subsection.2.3.3}{\376\377\0002\000.\0003\000.\0003\000\040\133\371\153\324\136\246\130\236\137\072\116\016\230\221\127\337\156\344\154\342\145\271\154\325}{section.2.3}% 28
\BOOKMARK [2][-]{subsection.2.3.4}{\376\377\0002\000.\0003\000.\0004\000\040\126\376\120\317\130\236\137\072\116\016\150\300\155\113\166\204\123\117\124\014\173\126\165\145}{section.2.3}% 29
\BOOKMARK [1][-]{section.2.4}{\376\377\0002\000.\0004\000\040\155\361\136\246\133\146\116\140\217\173\221\317\123\026\116\016\220\350\177\162\142\200\147\057}{chapter.2}% 30
\BOOKMARK [2][-]{subsection.2.4.1}{\376\377\0002\000.\0004\000.\0001\000\040\152\041\127\213\217\173\221\317\123\026\145\271\154\325}{section.2.4}% 31
\BOOKMARK [2][-]{subsection.2.4.2}{\376\377\0002\000.\0004\000.\0002\000\040\217\271\177\030\172\357\143\250\164\006\122\240\220\037\142\200\147\057}{section.2.4}% 32
\BOOKMARK [2][-]{subsection.2.4.3}{\376\377\0002\000.\0004\000.\0003\000\040\174\276\136\246\116\016\220\037\136\246\166\204\147\103\210\141\173\126\165\145}{section.2.4}% 33
\BOOKMARK [1][-]{section.2.5}{\376\377\0002\000.\0005\000\040\147\054\172\340\134\017\176\323}{chapter.2}% 34
\BOOKMARK [0][]{chapter.3}{\376\377\173\054\0003\172\340\000\040\226\350\131\051\217\146\220\123\176\277\145\160\143\156\226\306\147\204\136\372\116\016\130\236\137\072}{}% 35
\BOOKMARK [1][-]{section.3.1}{\376\377\0003\000.\0001\000\040\137\025\212\000}{chapter.3}% 36
\BOOKMARK [1][-]{section.3.2}{\376\377\0003\000.\0002\000\040\226\350\131\051\136\162\142\160\126\340\175\040\133\371\217\146\220\123\176\277\211\306\211\311\162\171\137\201\166\204\137\161\124\315\122\006\147\220}{chapter.3}% 37
\BOOKMARK [2][-]{subsection.3.2.1}{\376\377\0003\000.\0002\000.\0001\000\040\226\350\131\051\163\257\130\203\166\204\162\151\164\006\136\162\142\160\147\072\122\066}{section.3.2}% 38
\BOOKMARK [2][-]{subsection.3.2.2}{\376\377\0003\000.\0002\000.\0002\000\040\226\350\131\051\217\146\220\123\176\277\211\306\211\311\162\171\137\201\166\204\116\373\122\241\123\026\220\000\123\026\122\006\147\220}{section.3.2}% 39
\BOOKMARK [2][-]{subsection.3.2.3}{\376\377\0003\000.\0002\000.\0003\000\040\226\350\131\051\136\162\142\160\133\371\116\073\155\101\150\300\155\113\173\227\154\325\166\204\137\161\124\315\213\364\146\016}{section.3.2}% 40
\BOOKMARK [1][-]{section.3.3}{\376\377\0003\000.\0003\000\040\145\160\143\156\150\007\154\350\116\016\215\050\221\317\143\247\122\066}{chapter.3}% 41
\BOOKMARK [2][-]{subsection.3.3.1}{\376\377\0003\000.\0003\000.\0001\000\040\167\037\133\236\226\350\131\051\145\160\143\156\166\204\221\307\226\306\145\271\150\110}{section.3.3}% 42
\BOOKMARK [2][-]{subsection.3.3.2}{\376\377\0003\000.\0003\000.\0002\000\040\150\007\154\350\211\304\203\003\213\276\213\241}{section.3.3}% 43
\BOOKMARK [2][-]{subsection.3.3.3}{\376\377\0003\000.\0003\000.\0003\000\040\150\007\154\350\215\050\221\317\143\247\122\066\147\072\122\066}{section.3.3}% 44
\BOOKMARK [1][-]{section.3.4}{\376\377\0003\000.\0004\000\040\226\350\131\051\217\146\220\123\176\277\116\023\165\050\145\160\143\156\226\306\166\204\147\204\136\372\116\016\130\236\137\072}{chapter.3}% 45
\BOOKMARK [2][-]{subsection.3.4.1}{\376\377\0003\000.\0004\000.\0001\000\040\145\160\143\156\226\306\145\164\117\123\176\323\147\204}{section.3.4}% 46
\BOOKMARK [2][-]{subsection.3.4.2}{\376\377\0003\000.\0004\000.\0002\000\040\145\160\143\156\130\236\137\072\173\126\165\145\213\276\213\241}{section.3.4}% 47
\BOOKMARK [2][-]{subsection.3.4.3}{\376\377\0003\000.\0004\000.\0003\000\040\130\236\137\072\155\101\154\064\176\277\166\204\176\304\124\010\173\126\165\145}{section.3.4}% 48
\BOOKMARK [2][-]{subsection.3.4.4}{\376\377\0003\000.\0004\000.\0004\000\040\145\160\143\156\226\306\147\011\145\110\140\047\213\364\146\016}{section.3.4}% 49
\BOOKMARK [1][-]{section.3.5}{\376\377\0003\000.\0005\000\040\147\054\172\340\134\017\176\323}{chapter.3}% 50
\BOOKMARK [0][]{chapter.4}{\376\377\173\054\0004\172\340\000\040\227\142\124\021\226\350\131\051\166\204\217\146\220\123\176\277\150\300\155\113\173\227\154\325\213\276\213\241}{}% 51
\BOOKMARK [1][-]{section.4.1}{\376\377\0004\000.\0001\000\040\137\025\212\000}{chapter.4}% 52
\BOOKMARK [1][-]{section.4.2}{\376\377\0004\000.\0002\000\040\000C\000L\000R\000N\000e\000t\152\041\127\213\176\323\147\204\122\006\147\220}{chapter.4}% 53
\BOOKMARK [2][-]{subsection.4.2.1}{\376\377\0004\000.\0002\000.\0001\000\040\177\121\176\334\145\164\117\123\147\266\147\204}{section.4.2}% 54
\BOOKMARK [2][-]{subsection.4.2.2}{\376\377\0004\000.\0002\000.\0002\000\040\226\350\131\051\127\072\146\157\116\013\166\204\140\047\200\375\134\100\226\120}{section.4.2}% 55
\BOOKMARK [1][-]{section.4.3}{\376\377\0004\000.\0003\000\040\226\350\131\051\136\162\142\160\122\006\147\220\116\016\152\041\127\127\213\276\213\241}{chapter.4}% 56
\BOOKMARK [2][-]{subsection.4.3.1}{\376\377\0004\000.\0003\000.\0001\000\040\226\350\131\051\136\162\142\160\166\204\230\221\127\337\162\171\140\047\122\006\147\220}{section.4.3}% 57
\BOOKMARK [2][-]{subsection.4.3.2}{\376\377\0004\000.\0003\000.\0002\000\040\217\173\221\317\176\247\142\227\136\162\142\160\152\041\127\127\166\204\213\276\213\241\140\035\215\357}{section.4.3}% 58
\BOOKMARK [1][-]{section.4.4}{\376\377\0004\000.\0004\000\040\142\227\136\162\142\160\147\072\122\066\133\236\163\260\116\016\207\215\124\010}{chapter.4}% 59
\BOOKMARK [2][-]{subsection.4.4.1}{\376\377\0004\000.\0004\000.\0001\000\040\230\221\127\337\225\350\143\247\116\016\145\271\124\021\154\350\141\017\122\233\152\041\127\127\166\204\121\167\117\123\133\236\163\260}{section.4.4}% 60
\BOOKMARK [2][-]{subsection.4.4.2}{\376\377\0004\000.\0004\000.\0002\000\040\152\041\127\127\116\016\000C\000L\000R\000N\000e\000t\166\204\207\215\124\010\173\126\165\145}{section.4.4}% 61
\BOOKMARK [2][-]{subsection.4.4.3}{\376\377\0004\000.\0004\000.\0003\000\040\155\210\207\215\133\236\232\214\213\276\177\156\116\016\176\323\147\234}{section.4.4}% 62
\BOOKMARK [1][-]{section.4.5}{\376\377\0004\000.\0005\000\040\143\137\131\061\121\375\145\160\116\016\213\255\176\303\173\126\165\145}{chapter.4}% 63
\BOOKMARK [2][-]{subsection.4.5.1}{\376\377\0004\000.\0005\000.\0001\000\040\143\137\131\061\121\375\145\160\213\276\213\241}{section.4.5}% 64
\BOOKMARK [2][-]{subsection.4.5.2}{\376\377\0004\000.\0005\000.\0002\000\040\213\255\176\303\173\126\165\145\213\276\213\241}{section.4.5}% 65
\BOOKMARK [1][-]{section.4.6}{\376\377\0004\000.\0006\000\040\147\054\172\340\134\017\176\323}{chapter.4}% 66
\BOOKMARK [0][]{chapter.5}{\376\377\173\054\0005\172\340\000\040\152\041\127\213\220\350\177\162\116\016\133\236\232\214\232\214\213\301}{}% 67
\BOOKMARK [1][-]{section.5.1}{\376\377\0005\000.\0001\000\040\137\025\212\000}{chapter.5}% 68
\BOOKMARK [1][-]{section.5.2}{\376\377\0005\000.\0002\000\040\152\041\127\213\217\154\143\142\116\016\000T\000e\000n\000s\000o\000r\000R\000T\117\030\123\026}{chapter.5}% 69
\BOOKMARK [2][-]{subsection.5.2.1}{\376\377\0005\000.\0002\000.\0001\000\040\000P\000y\000T\000o\000r\000c\000h\122\060\000O\000N\000N\000X\166\204\152\041\127\213\133\374\121\372\116\016\117\030\123\026}{section.5.2}% 70
\BOOKMARK [2][-]{subsection.5.2.2}{\376\377\0005\000.\0002\000.\0002\000\040\000T\000e\000n\000s\000o\000r\000R\000T\137\025\144\316\147\204\136\372\116\016\221\317\123\026\173\126\165\145}{section.5.2}% 71
\BOOKMARK [1][-]{section.5.3}{\376\377\0005\000.\0003\000\040\135\114\121\145\137\017\136\163\123\360\220\350\177\162\133\236\163\260}{chapter.5}% 72
\BOOKMARK [2][-]{subsection.5.3.1}{\376\377\0005\000.\0003\000.\0001\000\040\170\154\116\366\163\257\130\203\116\016\217\157\116\366\150\010\221\115\177\156}{section.5.3}% 73
\BOOKMARK [2][-]{subsection.5.3.2}{\376\377\0005\000.\0003\000.\0002\000\040\220\350\177\162\224\376\215\357\166\204\135\345\172\013\133\236\163\260\211\201\160\271}{section.5.3}% 74
\BOOKMARK [1][-]{section.5.4}{\376\377\0005\000.\0004\000\040\133\236\232\214\213\276\177\156\116\016\213\304\116\367\143\007\150\007}{chapter.5}% 75
\BOOKMARK [2][-]{subsection.5.4.1}{\376\377\0005\000.\0004\000.\0001\000\040\133\236\232\214\163\257\130\203\116\016\145\160\143\156\226\306}{section.5.4}% 76
\BOOKMARK [2][-]{subsection.5.4.2}{\376\377\0005\000.\0004\000.\0002\000\040\213\304\116\367\143\007\150\007\116\016\133\371\153\324\145\271\154\325}{section.5.4}% 77
\BOOKMARK [1][-]{section.5.5}{\376\377\0005\000.\0005\000\040\133\236\232\214\176\323\147\234\122\006\147\220}{chapter.5}% 78
\BOOKMARK [2][-]{subsection.5.5.1}{\376\377\0005\000.\0005\000.\0001\000\040\145\164\117\123\150\300\155\113\174\276\136\246\133\371\153\324}{section.5.5}% 79
\BOOKMARK [2][-]{subsection.5.5.2}{\376\377\0005\000.\0005\000.\0002\000\040\122\006\226\115\226\350\137\072\136\246\140\047\200\375\213\304\117\060}{section.5.5}% 80
\BOOKMARK [1][-]{section.5.6}{\376\377\0005\000.\0006\000\040\145\071\217\333\152\041\127\213\133\236\232\214\176\323\147\234}{chapter.5}% 81
\BOOKMARK [2][-]{subsection.5.6.1}{\376\377\0005\000.\0006\000.\0001\000\040\145\071\217\333\152\041\127\213\145\164\117\123\140\047\200\375\133\371\153\324}{section.5.6}% 82
\BOOKMARK [2][-]{subsection.5.6.2}{\376\377\0005\000.\0006\000.\0002\000\040\122\006\127\072\146\157\140\047\200\375\122\006\147\220}{section.5.6}% 83
\BOOKMARK [2][-]{subsection.5.6.3}{\376\377\0005\000.\0006\000.\0003\000\040\213\255\176\303\145\066\145\133\217\307\172\013\122\006\147\220}{section.5.6}% 84
\BOOKMARK [2][-]{subsection.5.6.4}{\376\377\0005\000.\0006\000.\0004\000\040\220\350\177\162\155\113\213\325\176\323\147\234}{section.5.6}% 85
\BOOKMARK [1][-]{section.5.7}{\376\377\0005\000.\0007\000\040\133\232\140\047\122\006\147\220\116\016\220\350\177\162\213\250\213\272}{chapter.5}% 86
\BOOKMARK [1][-]{section.5.8}{\376\377\0005\000.\0008\000\040\147\054\172\340\134\017\176\323}{chapter.5}% 87
\BOOKMARK [0][]{chapter.6}{\376\377\173\054\0006\172\340\000\040\140\073\176\323\116\016\134\125\147\033}{}% 88
\BOOKMARK [1][-]{section.6.1}{\376\377\0006\000.\0001\000\040\170\024\172\166\142\020\147\234\140\073\176\323}{chapter.6}% 89
\BOOKMARK [2][-]{subsection.6.1.1}{\376\377\0006\000.\0001\000.\0001\000\040\133\214\142\020\116\206\226\350\131\051\136\162\142\160\147\072\164\006\116\016\116\373\122\241\226\276\160\271\166\204\174\373\176\337\150\263\164\006}{section.6.1}% 90
\BOOKMARK [2][-]{subsection.6.1.2}{\376\377\0006\000.\0001\000.\0002\000\040\133\214\142\020\116\206\000\040\000R\000a\000i\000n\000L\000a\000n\000e\000\040\145\160\143\156\226\306\166\204\145\164\164\006\060\001\130\236\137\072\116\016\133\236\232\214\176\304\176\307}{section.6.1}% 91
\BOOKMARK [2][-]{subsection.6.1.3}{\376\377\0006\000.\0001\000.\0003\000\040\133\214\142\020\116\206\127\372\116\216\000\040\000C\000L\000R\000N\000e\000t\000\040\166\204\217\173\221\317\123\026\142\227\136\162\142\160\152\041\127\127\213\276\213\241\116\016\232\214\213\301}{section.6.1}% 92
\BOOKMARK [2][-]{subsection.6.1.4}{\376\377\0006\000.\0001\000.\0004\000\040\133\214\142\020\116\206\000\040\000O\000r\000i\000n\000\040\136\163\123\360\116\012\166\204\220\350\177\162\224\376\215\357\116\016\140\047\200\375\232\214\213\301}{section.6.1}% 93
\BOOKMARK [1][-]{section.6.2}{\376\377\0006\000.\0002\000\040\122\033\145\260\160\271\140\073\176\323}{chapter.6}% 94
\BOOKMARK [2][-]{subsection.6.2.1}{\376\377\0006\000.\0002\000.\0001\000\040\126\364\176\325\226\350\131\051\127\072\146\157\147\204\136\372\116\206\123\357\166\364\143\245\147\015\122\241\213\255\176\303\116\016\213\304\117\060\166\204\145\160\143\156\127\372\170\100}{section.6.2}% 95
\BOOKMARK [2][-]{subsection.6.2.2}{\376\377\0006\000.\0002\000.\0002\000\040\143\320\121\372\116\206\227\142\124\021\226\350\131\051\220\000\123\026\152\041\137\017\166\204\217\173\221\317\123\026\142\227\136\162\142\160\145\071\217\333\140\035\215\357}{section.6.2}% 96
\BOOKMARK [2][-]{subsection.6.2.3}{\376\377\0006\000.\0002\000.\0003\000\040\137\142\142\020\116\206\040\034\145\160\143\156\000\040\000-\000\040\145\271\154\325\000\040\000-\000\040\220\350\177\162\040\035\166\370\215\057\220\032\166\204\170\024\172\166\215\357\137\204}{section.6.2}% 97
\BOOKMARK [1][-]{section.6.3}{\376\377\0006\000.\0003\000\040\147\052\147\145\135\345\117\134\134\125\147\033}{chapter.6}% 98
\BOOKMARK [2][-]{subsection.6.3.1}{\376\377\0006\000.\0003\000.\0001\000\040\176\347\176\355\133\214\125\204\133\214\145\164\000\040\000F\000G\000M\000\040\166\204\200\124\124\010\213\255\176\303\116\016\174\373\176\337\232\214\213\301}{section.6.3}% 99
\BOOKMARK [2][-]{subsection.6.3.2}{\376\377\0006\000.\0003\000.\0002\000\040\210\145\121\105\146\364\133\214\145\164\166\204\154\333\123\026\116\016\215\350\127\072\146\157\213\304\117\060}{section.6.3}% 100
\BOOKMARK [2][-]{subsection.6.3.3}{\376\377\0006\000.\0003\000.\0003\000\040\143\250\217\333\217\271\177\030\172\357\220\350\177\162\166\204\133\232\221\317\123\026\116\016\174\373\176\337\123\026\155\113\213\325}{section.6.3}% 101
\BOOKMARK [2][-]{subsection.6.3.4}{\376\377\0006\000.\0003\000.\0004\000\040\142\151\134\125\122\060\146\364\131\015\147\102\131\051\154\024\116\016\225\355\163\257\136\224\165\050\127\072\146\157}{section.6.3}% 102
\BOOKMARK [0][]{chapter*.44}{\376\377\123\302\200\003\145\207\163\056}{}% 103
\BOOKMARK [0][]{appendix*.45}{\376\377\201\364\214\042}{}% 104
